Seed set to 42
Processing replogle_proper:   0%|          | 0/1 [00:00<?, ?it/s]No cell barcode information found in /work/home/cryoem666/xyf/temp/pycharm/state/gene_perturnb_state/data/replogle.h5ad. Generating generic barcodes.
                                                                 Processing replogle_proper:   0%|          | 0/1 [00:05<?, ?it/s]Processing replogle_proper: 100%|██████████| 1/1 [00:05<00:00,  5.79s/it]Processing replogle_proper: 100%|██████████| 1/1 [00:05<00:00,  5.79s/it]
GPU available: True (cuda), used: True
TPU available: False, using: 0 TPU cores
HPU available: False, using: 0 HPUs
LOCAL_RANK: 0 - CUDA_VISIBLE_DEVICES: [2]

   | Name                   | Type                     | Params | Mode 
-----------------------------------------------------------------------------
0  | loss_fn                | MSELoss                  | 0      | train
1  | gene_decoder           | LatentToGeneDecoder      | 4.7 M  | train
2  | DE_loss_fn             | AsymmetricLossMultiLabel | 0      | train
3  | direction_loss_fn      | SmoothL1Loss             | 0      | train
4  | cons_loss_fn           | MSELoss                  | 0      | train
5  | vae                    | VAE                      | 8.6 M  | train
6  | vae_encoder            | Encoder                  | 4.3 M  | train
7  | vae2transf_dim_encoder | Sequential               | 16.5 K | train
8  | pert_encoder           | Sequential               | 259 K  | train
9  | transformer_backbone   | LlamaModel               | 15.5 M | train
10 | vae_decoder            | Decoder                  | 4.3 M  | train
11 | transf2vae_dim_decoder | Sequential               | 16.5 K | train
12 | DE_decoder             | MultiLabelModelBase      | 1.2 M  | train
13 | direction_decoder      | MultiLabelModelBase      | 1.2 M  | train
14 | project_out            | Sequential               | 16.5 K | train
15 | batch_encoder          | Embedding                | 7.2 K  | train
16 | relu                   | ReLU                     | 0      | train
-----------------------------------------------------------------------------
27.4 M    Trainable params
4.1 M     Non-trainable params
31.5 M    Total params
126.093   Total estimated model params size (MB)
192       Modules in train mode
0         Modules in eval mode
`Trainer.fit` stopped: `max_steps=80000` reached.
