Seed set to 42
Processing replogle:   0%|          | 0/1 [00:00<?, ?it/s]No cell barcode information found in /work/home/cryoem666/czx/dataset/STATE/arcinstitute-State-Replogle-Filtered-Dec-6-2025/replogle_concat.h5ad. Generating generic barcodes.
                                                          Processing replogle:   0%|          | 0/1 [00:05<?, ?it/s]Processing replogle: 100%|██████████| 1/1 [00:05<00:00,  5.74s/it]Processing replogle: 100%|██████████| 1/1 [00:05<00:00,  5.74s/it]
GPU available: True (cuda), used: True
TPU available: False, using: 0 TPU cores
HPU available: False, using: 0 HPUs
LOCAL_RANK: 0 - CUDA_VISIBLE_DEVICES: [3]

   | Name                   | Type                | Params | Mode 
------------------------------------------------------------------------
0  | loss_fn                | MSELoss             | 0      | train
1  | gene_decoder           | LatentToGeneDecoder | 4.7 M  | train
2  | main_loss_fn           | BioAlignedLoss      | 0      | train
3  | vae_latent_loss_fn     | BioAlignedLoss      | 0      | train
4  | vae                    | VAE                 | 8.6 M  | train
5  | vae_encoder            | Encoder             | 4.3 M  | train
6  | vae2transf_dim_encoder | Sequential          | 16.5 K | train
7  | pert_encoder           | Sequential          | 259 K  | train
8  | transformer_backbone   | LlamaModel          | 15.5 M | train
9  | vae_decoder            | Decoder             | 4.3 M  | train
10 | transf2vae_dim_decoder | Sequential          | 16.5 K | train
11 | project_out            | Sequential          | 16.5 K | train
12 | batch_encoder          | Embedding           | 7.2 K  | train
13 | relu                   | ReLU                | 0      | train
------------------------------------------------------------------------
24.9 M    Trainable params
4.1 M     Non-trainable params
29.0 M    Total params
116.180   Total estimated model params size (MB)
177       Modules in train mode
0         Modules in eval mode
`Trainer.fit` stopped: `max_steps=80000` reached.
