Seed set to 42
Processing replogle_proper:   0%|          | 0/1 [00:00<?, ?it/s]No cell barcode information found in /work/home/cryoem666/xyf/temp/pycharm/state/gene_perturnb_state/data/replogle.h5ad. Generating generic barcodes.
                                                                 Processing replogle_proper:   0%|          | 0/1 [00:05<?, ?it/s]Processing replogle_proper: 100%|██████████| 1/1 [00:05<00:00,  5.72s/it]Processing replogle_proper: 100%|██████████| 1/1 [00:05<00:00,  5.72s/it]
GPU available: True (cuda), used: True
TPU available: False, using: 0 TPU cores
HPU available: False, using: 0 HPUs
LOCAL_RANK: 0 - CUDA_VISIBLE_DEVICES: [1]

   | Name                   | Type                | Params | Mode 
------------------------------------------------------------------------
0  | loss_fn                | MSELoss             | 0      | train
1  | gene_decoder           | LatentToGeneDecoder | 4.7 M  | train
2  | main_loss_fn           | SamplesLoss         | 0      | train
3  | vae_latent_loss_fn     | SamplesLoss         | 0      | train
4  | DE_loss_fn             | BCEWithLogitsLoss   | 0      | train
5  | direction_loss_fn      | BCEWithLogitsLoss   | 0      | train
6  | vae                    | VAE                 | 8.6 M  | train
7  | vae_encoder            | Encoder             | 4.3 M  | train
8  | vae2transf_dim_encoder | Sequential          | 16.5 K | train
9  | pert_encoder           | Sequential          | 259 K  | train
10 | transformer_backbone   | LlamaModel          | 15.5 M | train
11 | vae_decoder            | Decoder             | 4.3 M  | train
12 | transf2vae_dim_decoder | Sequential          | 16.5 K | train
13 | DE_decoder             | MultiLabelModelBase | 1.2 M  | train
14 | direction_decoder      | MultiLabelModelBase | 1.2 M  | train
15 | project_out            | Sequential          | 16.5 K | train
16 | batch_encoder          | Embedding           | 7.2 K  | train
17 | relu                   | ReLU                | 0      | train
------------------------------------------------------------------------
27.4 M    Trainable params
4.1 M     Non-trainable params
31.5 M    Total params
126.093   Total estimated model params size (MB)
193       Modules in train mode
0         Modules in eval mode
Traceback (most recent call last):
  File "<frozen runpy>", line 198, in _run_module_as_main
  File "<frozen runpy>", line 88, in _run_code
  File "/work/home/cryoem666/czx/project/state_training_debug/model/src/state/__main__.py", line 136, in <module>
    main()
  File "/work/home/cryoem666/czx/project/state_training_debug/model/src/state/__main__.py", line 120, in main
    run_tx_train(cfg)
  File "/work/home/cryoem666/czx/project/state_training_debug/model/src/state/_cli/_tx/_train.py", line 398, in run_tx_train
    trainer.fit(
  File "/work/home/cryoem666/miniconda3/envs/state_bk/lib/python3.12/site-packages/lightning/pytorch/trainer/trainer.py", line 560, in fit
    call._call_and_handle_interrupt(
  File "/work/home/cryoem666/miniconda3/envs/state_bk/lib/python3.12/site-packages/lightning/pytorch/trainer/call.py", line 49, in _call_and_handle_interrupt
    return trainer_fn(*args, **kwargs)
           ^^^^^^^^^^^^^^^^^^^^^^^^^^^
  File "/work/home/cryoem666/miniconda3/envs/state_bk/lib/python3.12/site-packages/lightning/pytorch/trainer/trainer.py", line 598, in _fit_impl
    self._run(model, ckpt_path=ckpt_path)
  File "/work/home/cryoem666/miniconda3/envs/state_bk/lib/python3.12/site-packages/lightning/pytorch/trainer/trainer.py", line 1011, in _run
    results = self._run_stage()
              ^^^^^^^^^^^^^^^^^
  File "/work/home/cryoem666/miniconda3/envs/state_bk/lib/python3.12/site-packages/lightning/pytorch/trainer/trainer.py", line 1053, in _run_stage
    self._run_sanity_check()
  File "/work/home/cryoem666/miniconda3/envs/state_bk/lib/python3.12/site-packages/lightning/pytorch/trainer/trainer.py", line 1082, in _run_sanity_check
    val_loop.run()
  File "/work/home/cryoem666/miniconda3/envs/state_bk/lib/python3.12/site-packages/lightning/pytorch/loops/utilities.py", line 179, in _decorator
    return loop_run(self, *args, **kwargs)
           ^^^^^^^^^^^^^^^^^^^^^^^^^^^^^^^
  File "/work/home/cryoem666/miniconda3/envs/state_bk/lib/python3.12/site-packages/lightning/pytorch/loops/evaluation_loop.py", line 145, in run
    self._evaluation_step(batch, batch_idx, dataloader_idx, dataloader_iter)
  File "/work/home/cryoem666/miniconda3/envs/state_bk/lib/python3.12/site-packages/lightning/pytorch/loops/evaluation_loop.py", line 437, in _evaluation_step
    output = call._call_strategy_hook(trainer, hook_name, *step_args)
             ^^^^^^^^^^^^^^^^^^^^^^^^^^^^^^^^^^^^^^^^^^^^^^^^^^^^^^^^
  File "/work/home/cryoem666/miniconda3/envs/state_bk/lib/python3.12/site-packages/lightning/pytorch/trainer/call.py", line 329, in _call_strategy_hook
    output = fn(*args, **kwargs)
             ^^^^^^^^^^^^^^^^^^^
  File "/work/home/cryoem666/miniconda3/envs/state_bk/lib/python3.12/site-packages/lightning/pytorch/strategies/strategy.py", line 412, in validation_step
    return self.lightning_module.validation_step(*args, **kwargs)
           ^^^^^^^^^^^^^^^^^^^^^^^^^^^^^^^^^^^^^^^^^^^^^^^^^^^^^^
  File "/work/home/cryoem666/czx/project/state_training_debug/model/src/state/tx/models/vae_transition.py", line 1074, in validation_step
    return {"loss": loss, "predictions": pred}
                                         ^^^^
NameError: name 'pred' is not defined
