Seed set to 42
Processing replogle_proper:   0%|          | 0/1 [00:00<?, ?it/s]No cell barcode information found in /work/home/cryoem666/xyf/temp/pycharm/state/gene_perturnb_state/data/replogle.h5ad. Generating generic barcodes.
                                                                 Processing replogle_proper:   0%|          | 0/1 [00:20<?, ?it/s]Processing replogle_proper: 100%|██████████| 1/1 [00:20<00:00, 20.63s/it]Processing replogle_proper: 100%|██████████| 1/1 [00:20<00:00, 20.64s/it]
GPU available: True (cuda), used: True
TPU available: False, using: 0 TPU cores
HPU available: False, using: 0 HPUs
LOCAL_RANK: 0 - CUDA_VISIBLE_DEVICES: [7]

   | Name                   | Type                | Params | Mode 
------------------------------------------------------------------------
0  | loss_fn                | MSELoss             | 0      | train
1  | gene_decoder           | LatentToGeneDecoder | 4.7 M  | train
2  | main_loss_fn           | SamplesLoss         | 0      | train
3  | vae                    | VAE                 | 8.6 M  | eval 
4  | vae_encoder            | Encoder             | 4.3 M  | eval 
5  | vae2transf_dim_encoder | Sequential          | 16.5 K | train
6  | pert_encoder           | Sequential          | 259 K  | train
7  | transformer_backbone   | LlamaModel          | 15.5 M | train
8  | vae_decoder            | Decoder             | 4.3 M  | eval 
9  | transf2vae_dim_decoder | Sequential          | 16.5 K | train
10 | project_out            | Sequential          | 16.5 K | train
11 | batch_encoder          | Embedding           | 7.2 K  | train
12 | relu                   | ReLU                | 0      | train
------------------------------------------------------------------------
16.4 M    Trainable params
12.7 M    Non-trainable params
29.0 M    Total params
116.180   Total estimated model params size (MB)
137       Modules in train mode
37        Modules in eval mode
`Trainer.fit` stopped: `max_steps=80000` reached.
