Seed set to 42
Processing replogle_proper:   0%|          | 0/1 [00:00<?, ?it/s]No cell barcode information found in /work/home/cryoem666/xyf/temp/pycharm/state/gene_perturnb_state/data/replogle.h5ad. Generating generic barcodes.
                                                                 Processing replogle_proper:   0%|          | 0/1 [00:05<?, ?it/s]Processing replogle_proper: 100%|██████████| 1/1 [00:05<00:00,  5.71s/it]Processing replogle_proper: 100%|██████████| 1/1 [00:05<00:00,  5.71s/it]
GPU available: True (cuda), used: True
TPU available: False, using: 0 TPU cores
HPU available: False, using: 0 HPUs
LOCAL_RANK: 0 - CUDA_VISIBLE_DEVICES: [1]

  | Name                 | Type                | Params | Mode 
---------------------------------------------------------------------
0 | loss_fn              | BioAlignedLoss      | 0      | train
1 | gene_decoder         | LatentToGeneDecoder | 9.4 M  | train
2 | pert_encoder         | Sequential          | 259 K  | train
3 | basal_encoder        | Sequential          | 850 K  | train
4 | transformer_backbone | LlamaModel          | 15.5 M | train
5 | project_out          | Sequential          | 856 K  | train
6 | batch_encoder        | Embedding           | 7.2 K  | train
7 | relu                 | ReLU                | 0      | train
---------------------------------------------------------------------
22.8 M    Trainable params
4.1 M     Non-trainable params
26.9 M    Total params
107.532   Total estimated model params size (MB)
135       Modules in train mode
0         Modules in eval mode
`Trainer.fit` stopped: `max_steps=80000` reached.
